Using pre-set license
Built from '2020.3/staging' branch; Version is '2020.3.5f1 (8095aa901b9b) revision 8426922'; Using compiler version '192528614'; Build Type 'Release'
OS: 'Windows 10 Enterprise; OS build 18363.1082; Version 1909; 64bit' Language: 'en' Physical Memory: 16212 MB
BatchMode: 1, IsHumanControllingUs: 0, StartBugReporterOnCrash: 0, Is64bit: 1, IsPro: 0

 COMMAND LINE ARGUMENTS:
C:\Users\icarter\Documents\Unity\2020.3.5f1\Editor\Unity.exe
-adb2
-batchMode
-noUpm
-name
AssetImportWorker0
-projectPath
C:/Users/icarter/FinalAssignment_Carter
-logFile
Logs/AssetImportWorker0.log
-srvPort
52688
Successfully changed project path to: C:/Users/icarter/FinalAssignment_Carter
C:/Users/icarter/FinalAssignment_Carter
Using Asset Import Pipeline V2.
Refreshing native plugins compatible for Editor in 27.27 ms, found 0 plugins.
Preloading 0 native plugins for Editor in 0.00 ms.
Initialize engine version: 2020.3.5f1 (8095aa901b9b)
[Subsystems] Discovering subsystems at path C:/Users/icarter/Documents/Unity/2020.3.5f1/Editor/Data/Resources/UnitySubsystems
[Subsystems] Discovering subsystems at path C:/Users/icarter/FinalAssignment_Carter/Assets
GfxDevice: creating device client; threaded=0
Direct3D:
    Version:  Direct3D 11.0 [level 11.1]
    Renderer: Intel(R) UHD Graphics 620 (ID=0x5917)
    Vendor:   
    VRAM:     8106 MB
    Driver:   27.20.100.7990
Initialize mono
Mono path[0] = 'C:/Users/icarter/Documents/Unity/2020.3.5f1/Editor/Data/Managed'
Mono path[1] = 'C:/Users/icarter/Documents/Unity/2020.3.5f1/Editor/Data/MonoBleedingEdge/lib/mono/unityjit'
Mono config path = 'C:/Users/icarter/Documents/Unity/2020.3.5f1/Editor/Data/MonoBleedingEdge/etc'
Using monoOptions --debugger-agent=transport=dt_socket,embedding=1,server=y,suspend=n,address=127.0.0.1:56356
Begin MonoManager ReloadAssembly
Registering precompiled unity dll's ...
Register platform support module: C:/Users/icarter/Documents/Unity/2020.3.5f1/Editor/Data/PlaybackEngines/WindowsStandaloneSupport/UnityEditor.WindowsStandalone.Extensions.dll
Registered in 0.003662 seconds.
Native extension for WindowsStandalone target not found
Refreshing native plugins compatible for Editor in 26.63 ms, found 0 plugins.
Preloading 0 native plugins for Editor in 0.00 ms.
Mono: successfully reloaded assembly
- Completed reload, in  1.591 seconds
Platform modules already initialized, skipping
Registering precompiled user dll's ...
Registered in 0.001169 seconds.
Begin MonoManager ReloadAssembly
Native extension for WindowsStandalone target not found
Refreshing native plugins compatible for Editor in 0.21 ms, found 0 plugins.
Preloading 0 native plugins for Editor in 0.00 ms.
Mono: successfully reloaded assembly
- Completed reload, in  1.087 seconds
Platform modules already initialized, skipping
========================================================================
Worker process is ready to serve import requests
Launched and connected shader compiler UnityShaderCompiler.exe after 0.06 seconds
Refreshing native plugins compatible for Editor in 0.45 ms, found 0 plugins.
Preloading 0 native plugins for Editor in 0.00 ms.
Unloading 1137 Unused Serialized files (Serialized files now loaded: 0)
System memory in use before: 150.7 MB.
System memory in use after: 150.8 MB.

Unloading 9 unused Assets to reduce memory usage. Loaded Objects now: 1606.
Total: 3.863700 ms (FindLiveObjects: 0.314600 ms CreateObjectMapping: 0.092000 ms MarkObjects: 3.292400 ms  DeleteObjects: 0.162300 ms)

========================================================================
Received Import Request.
  path: Assets/Materials/New Material 15.mat
  artifactKey: Guid(0a401b7457044d546aa4fcbb833094d5) Importer(815301076,1909f56bfc062723c751e8b465ee728b)
Start importing Assets/Materials/New Material 15.mat using Guid(0a401b7457044d546aa4fcbb833094d5) Importer(815301076,1909f56bfc062723c751e8b465ee728b)  -> (artifact id: '17719a23340ad02e99fe1256a8cce42f') in 0.353519 seconds
  Import took 0.358051 seconds .

========================================================================
Received Prepare
Registering precompiled user dll's ...
Registered in 0.001820 seconds.
Begin MonoManager ReloadAssembly
Native extension for WindowsStandalone target not found
Refreshing native plugins compatible for Editor in 0.45 ms, found 0 plugins.
Preloading 0 native plugins for Editor in 0.00 ms.
Mono: successfully reloaded assembly
- Completed reload, in  0.818 seconds
Platform modules already initialized, skipping
Refreshing native plugins compatible for Editor in 0.21 ms, found 0 plugins.
Preloading 0 native plugins for Editor in 0.00 ms.
Unloading 1119 Unused Serialized files (Serialized files now loaded: 0)
System memory in use before: 152.7 MB.
System memory in use after: 152.8 MB.

Unloading 5 unused Assets to reduce memory usage. Loaded Objects now: 1649.
Total: 1.744400 ms (FindLiveObjects: 0.125500 ms CreateObjectMapping: 0.032600 ms MarkObjects: 1.537500 ms  DeleteObjects: 0.047900 ms)

========================================================================
Received Import Request.
  Time since last request: 91.321336 seconds.
  path: Assets/Sprites/albedo checker.jpg
  artifactKey: Guid(183b2fb8fe38e024cb9513de8d212203) Importer(815301076,1909f56bfc062723c751e8b465ee728b)
Start importing Assets/Sprites/albedo checker.jpg using Guid(183b2fb8fe38e024cb9513de8d212203) Importer(815301076,1909f56bfc062723c751e8b465ee728b)  -> (artifact id: '39fcdb17b7f14eda8b473aeee8a47e48') in 0.101066 seconds
  Import took 0.103345 seconds .

========================================================================
Received Import Request.
  Time since last request: 27.258333 seconds.
  path: Assets/Prefab/Building.prefab
  artifactKey: Guid(84a44379d8858654c96e0570094eb6bf) Importer(815301076,1909f56bfc062723c751e8b465ee728b)
Start importing Assets/Prefab/Building.prefab using Guid(84a44379d8858654c96e0570094eb6bf) Importer(815301076,1909f56bfc062723c751e8b465ee728b)  -> (artifact id: '040f84f59e1e0b286b47e62d18c42f0c') in 0.048543 seconds
  Import took 0.052842 seconds .

========================================================================
Received Import Request.
  Time since last request: 65.291858 seconds.
  path: Assets/Scripts/MusicManager.cs
  artifactKey: Guid(bdceb484e3829c5418607ea3dc910a0d) Importer(815301076,1909f56bfc062723c751e8b465ee728b)
Start importing Assets/Scripts/MusicManager.cs using Guid(bdceb484e3829c5418607ea3dc910a0d) Importer(815301076,1909f56bfc062723c751e8b465ee728b)  -> (artifact id: '466847ef6c1a01d5dfc1ff41c6141e79') in 0.007867 seconds
  Import took 0.012379 seconds .

========================================================================
Received Prepare
Registering precompiled user dll's ...
Registered in 0.000909 seconds.
Begin MonoManager ReloadAssembly
Native extension for WindowsStandalone target not found
Refreshing native plugins compatible for Editor in 0.19 ms, found 0 plugins.
Preloading 0 native plugins for Editor in 0.00 ms.
Mono: successfully reloaded assembly
- Completed reload, in  0.814 seconds
Platform modules already initialized, skipping
Refreshing native plugins compatible for Editor in 0.22 ms, found 0 plugins.
Preloading 0 native plugins for Editor in 0.00 ms.
Unloading 1120 Unused Serialized files (Serialized files now loaded: 0)
System memory in use before: 152.9 MB.
System memory in use after: 153.0 MB.

Unloading 6 unused Assets to reduce memory usage. Loaded Objects now: 1659.
Total: 2.253200 ms (FindLiveObjects: 0.359300 ms CreateObjectMapping: 0.077500 ms MarkObjects: 1.764500 ms  DeleteObjects: 0.051100 ms)

========================================================================
Received Import Request.
  Time since last request: 394.846561 seconds.
  path: Assets/Scripts/MusicManager.cs
  artifactKey: Guid(bdceb484e3829c5418607ea3dc910a0d) Importer(815301076,1909f56bfc062723c751e8b465ee728b)
Start importing Assets/Scripts/MusicManager.cs using Guid(bdceb484e3829c5418607ea3dc910a0d) Importer(815301076,1909f56bfc062723c751e8b465ee728b)  -> (artifact id: 'cf4e82623f5f920e9d35bc3d25db55fe') in 0.010208 seconds
  Import took 0.013656 seconds .

========================================================================
Received Import Request.
  Time since last request: 0.001381 seconds.
  path: Assets/Scripts/MusicManager.cs
  artifactKey: Guid(bdceb484e3829c5418607ea3dc910a0d) Importer(815301076,1909f56bfc062723c751e8b465ee728b)
Start importing Assets/Scripts/MusicManager.cs using Guid(bdceb484e3829c5418607ea3dc910a0d) Importer(815301076,1909f56bfc062723c751e8b465ee728b)  -> (artifact id: 'cf4e82623f5f920e9d35bc3d25db55fe') in 0.003218 seconds
  Import took 0.007097 seconds .

========================================================================
Received Prepare
Registering precompiled user dll's ...
Registered in 0.001230 seconds.
Begin MonoManager ReloadAssembly
Native extension for WindowsStandalone target not found
Refreshing native plugins compatible for Editor in 0.24 ms, found 0 plugins.
Preloading 0 native plugins for Editor in 0.00 ms.
Mono: successfully reloaded assembly
- Completed reload, in  0.786 seconds
Platform modules already initialized, skipping
Refreshing native plugins compatible for Editor in 0.20 ms, found 0 plugins.
Preloading 0 native plugins for Editor in 0.00 ms.
Unloading 1120 Unused Serialized files (Serialized files now loaded: 0)
System memory in use before: 152.9 MB.
System memory in use after: 153.0 MB.

Unloading 5 unused Assets to reduce memory usage. Loaded Objects now: 1662.
Total: 2.155600 ms (FindLiveObjects: 0.387500 ms CreateObjectMapping: 0.077400 ms MarkObjects: 1.566100 ms  DeleteObjects: 0.107500 ms)

========================================================================
Received Import Request.
  Time since last request: 29.308103 seconds.
  path: Assets/Scripts/MusicManager.cs
  artifactKey: Guid(bdceb484e3829c5418607ea3dc910a0d) Importer(815301076,1909f56bfc062723c751e8b465ee728b)
Start importing Assets/Scripts/MusicManager.cs using Guid(bdceb484e3829c5418607ea3dc910a0d) Importer(815301076,1909f56bfc062723c751e8b465ee728b)  -> (artifact id: '39fb99585129822548b84ead8f006593') in 0.004226 seconds
  Import took 0.006466 seconds .

========================================================================
Received Prepare
Registering precompiled user dll's ...
Registered in 0.000949 seconds.
Begin MonoManager ReloadAssembly
Native extension for WindowsStandalone target not found
Refreshing native plugins compatible for Editor in 0.26 ms, found 0 plugins.
Preloading 0 native plugins for Editor in 0.00 ms.
Mono: successfully reloaded assembly
- Completed reload, in  0.791 seconds
Platform modules already initialized, skipping
Refreshing native plugins compatible for Editor in 0.25 ms, found 0 plugins.
Preloading 0 native plugins for Editor in 0.00 ms.
Unloading 1120 Unused Serialized files (Serialized files now loaded: 0)
System memory in use before: 152.9 MB.
System memory in use after: 153.0 MB.

Unloading 5 unused Assets to reduce memory usage. Loaded Objects now: 1665.
Total: 3.652900 ms (FindLiveObjects: 0.404300 ms CreateObjectMapping: 0.106200 ms MarkObjects: 3.078300 ms  DeleteObjects: 0.062800 ms)

========================================================================
Received Import Request.
  Time since last request: 141.426556 seconds.
  path: Assets/Materials/New Material 16.mat
  artifactKey: Guid(b5b0aa97c92d5bb439f04a859c09316f) Importer(815301076,1909f56bfc062723c751e8b465ee728b)
Start importing Assets/Materials/New Material 16.mat using Guid(b5b0aa97c92d5bb439f04a859c09316f) Importer(815301076,1909f56bfc062723c751e8b465ee728b)  -> (artifact id: '2e764eb8c94084c57fd7d796fe2733ed') in 0.061134 seconds
  Import took 0.063562 seconds .

========================================================================
Received Import Request.
  Time since last request: 0.000300 seconds.
  path: Assets/Materials/New Material 15.mat
  artifactKey: Guid(0a401b7457044d546aa4fcbb833094d5) Importer(815301076,1909f56bfc062723c751e8b465ee728b)
Start importing Assets/Materials/New Material 15.mat using Guid(0a401b7457044d546aa4fcbb833094d5) Importer(815301076,1909f56bfc062723c751e8b465ee728b)  -> (artifact id: '59d5e2463dccec4c221954f59759a35f') in 0.009961 seconds
  Import took 0.012050 seconds .

========================================================================
Received Import Request.
  Time since last request: 1.453811 seconds.
  path: Assets/Materials/New Material 15.mat
  artifactKey: Guid(0a401b7457044d546aa4fcbb833094d5) Importer(815301076,1909f56bfc062723c751e8b465ee728b)
Start importing Assets/Materials/New Material 15.mat using Guid(0a401b7457044d546aa4fcbb833094d5) Importer(815301076,1909f56bfc062723c751e8b465ee728b)  -> (artifact id: '59d5e2463dccec4c221954f59759a35f') in 0.010216 seconds
  Import took 0.013032 seconds .

========================================================================
Received Prepare
Registering precompiled user dll's ...
Registered in 0.000900 seconds.
Begin MonoManager ReloadAssembly
Native extension for WindowsStandalone target not found
Refreshing native plugins compatible for Editor in 0.22 ms, found 0 plugins.
Preloading 0 native plugins for Editor in 0.00 ms.
Mono: successfully reloaded assembly
- Completed reload, in  0.744 seconds
Platform modules already initialized, skipping
Refreshing native plugins compatible for Editor in 0.23 ms, found 0 plugins.
Preloading 0 native plugins for Editor in 0.00 ms.
Unloading 1120 Unused Serialized files (Serialized files now loaded: 0)
System memory in use before: 152.9 MB.
System memory in use after: 153.0 MB.

Unloading 5 unused Assets to reduce memory usage. Loaded Objects now: 1669.
Total: 3.101300 ms (FindLiveObjects: 0.215500 ms CreateObjectMapping: 0.063500 ms MarkObjects: 2.747200 ms  DeleteObjects: 0.073700 ms)

========================================================================
Received Import Request.
  Time since last request: 207.685528 seconds.
  path: Assets/Materials/New Material 17.mat
  artifactKey: Guid(d14dec0981f7af94e967f3b374ae1aa9) Importer(815301076,1909f56bfc062723c751e8b465ee728b)
Start importing Assets/Materials/New Material 17.mat using Guid(d14dec0981f7af94e967f3b374ae1aa9) Importer(815301076,1909f56bfc062723c751e8b465ee728b)  -> (artifact id: '3339a49f38bb50b27119ea8c2615091d') in 0.055132 seconds
  Import took 0.057338 seconds .

========================================================================
Received Prepare
Registering precompiled user dll's ...
Registered in 0.000943 seconds.
Begin MonoManager ReloadAssembly
Native extension for WindowsStandalone target not found
Refreshing native plugins compatible for Editor in 0.23 ms, found 0 plugins.
Preloading 0 native plugins for Editor in 0.00 ms.
Mono: successfully reloaded assembly
- Completed reload, in  0.759 seconds
Platform modules already initialized, skipping
Refreshing native plugins compatible for Editor in 0.23 ms, found 0 plugins.
Preloading 0 native plugins for Editor in 0.00 ms.
Unloading 1120 Unused Serialized files (Serialized files now loaded: 0)
System memory in use before: 153.0 MB.
System memory in use after: 153.0 MB.

Unloading 5 unused Assets to reduce memory usage. Loaded Objects now: 1673.
Total: 2.352100 ms (FindLiveObjects: 0.457900 ms CreateObjectMapping: 0.120700 ms MarkObjects: 1.695600 ms  DeleteObjects: 0.075900 ms)

========================================================================
Received Prepare
Registering precompiled user dll's ...
Registered in 0.000968 seconds.
Begin MonoManager ReloadAssembly
Native extension for WindowsStandalone target not found
Refreshing native plugins compatible for Editor in 0.23 ms, found 0 plugins.
Preloading 0 native plugins for Editor in 0.00 ms.
Mono: successfully reloaded assembly
- Completed reload, in  0.758 seconds
Platform modules already initialized, skipping
Refreshing native plugins compatible for Editor in 0.23 ms, found 0 plugins.
Preloading 0 native plugins for Editor in 0.00 ms.
Unloading 1120 Unused Serialized files (Serialized files now loaded: 0)
System memory in use before: 153.0 MB.
System memory in use after: 153.0 MB.

Unloading 5 unused Assets to reduce memory usage. Loaded Objects now: 1676.
Total: 2.362300 ms (FindLiveObjects: 0.414600 ms CreateObjectMapping: 0.082400 ms MarkObjects: 1.804900 ms  DeleteObjects: 0.059100 ms)

========================================================================
Received Import Request.
  Time since last request: 947.592957 seconds.
  path: Assets/Models/Explosion3.wav
  artifactKey: Guid(083df987a5e93414c89b40985c70b5a7) Importer(815301076,1909f56bfc062723c751e8b465ee728b)
Start importing Assets/Models/Explosion3.wav using Guid(083df987a5e93414c89b40985c70b5a7) Importer(815301076,1909f56bfc062723c751e8b465ee728b)  -> (artifact id: 'e730102bf33b3ba0fb7058d579ee52b7') in 0.122453 seconds
  Import took 0.125531 seconds .

========================================================================
Received Import Request.
  Time since last request: 1.981115 seconds.
  path: Assets/Models/Laser_Shoot2.wav
  artifactKey: Guid(05322bbf0e6f1fe4e9ab5e1837011273) Importer(815301076,1909f56bfc062723c751e8b465ee728b)
Start importing Assets/Models/Laser_Shoot2.wav using Guid(05322bbf0e6f1fe4e9ab5e1837011273) Importer(815301076,1909f56bfc062723c751e8b465ee728b)  -> (artifact id: '6c08fa95954aeafaaf5fda2409297010') in 0.020096 seconds
  Import took 0.023787 seconds .

========================================================================
Received Import Request.
  Time since last request: 1.965750 seconds.
  path: Assets/Models/Pickup_Coin.wav
  artifactKey: Guid(6fd889b1603982b4e91e9b994e3736bf) Importer(815301076,1909f56bfc062723c751e8b465ee728b)
Start importing Assets/Models/Pickup_Coin.wav using Guid(6fd889b1603982b4e91e9b994e3736bf) Importer(815301076,1909f56bfc062723c751e8b465ee728b)  -> (artifact id: '6ded184804e02c1d28f1b4a662f19d5e') in 0.019888 seconds
  Import took 0.022592 seconds .

========================================================================
Received Import Request.
  Time since last request: 0.002970 seconds.
  path: Assets/Models/Pickup_Coin.wav
  artifactKey: Guid(6fd889b1603982b4e91e9b994e3736bf) Importer(815301076,1909f56bfc062723c751e8b465ee728b)
Start importing Assets/Models/Pickup_Coin.wav using Guid(6fd889b1603982b4e91e9b994e3736bf) Importer(815301076,1909f56bfc062723c751e8b465ee728b)  -> (artifact id: '6ded184804e02c1d28f1b4a662f19d5e') in 0.012104 seconds
  Import took 0.014817 seconds .

========================================================================
Received Import Request.
  Time since last request: 4.308875 seconds.
  path: Assets/Models/Pickup_Coin7.wav
  artifactKey: Guid(be74c6799ccc0fc4ba7af6bc91c258e6) Importer(815301076,1909f56bfc062723c751e8b465ee728b)
Start importing Assets/Models/Pickup_Coin7.wav using Guid(be74c6799ccc0fc4ba7af6bc91c258e6) Importer(815301076,1909f56bfc062723c751e8b465ee728b)  -> (artifact id: '7cd7c7c4c455bc4edf86d4bfdd475a4e') in 0.014302 seconds
  Import took 0.017200 seconds .

========================================================================
Received Import Request.
  Time since last request: 2.820091 seconds.
  path: Assets/Models/Blip_Select.wav
  artifactKey: Guid(856965039b5c3274d9e125f2d98dfeb1) Importer(815301076,1909f56bfc062723c751e8b465ee728b)
Start importing Assets/Models/Blip_Select.wav using Guid(856965039b5c3274d9e125f2d98dfeb1) Importer(815301076,1909f56bfc062723c751e8b465ee728b)  -> (artifact id: 'fcd62280f37b0f103327f4a211e91e43') in 0.016320 seconds
  Import took 0.019813 seconds .

========================================================================
Received Import Request.
  Time since last request: 170.247800 seconds.
  path: Assets/Prefab/Audio Source.prefab
  artifactKey: Guid(e9024e6ac743a9942b65029232040109) Importer(815301076,1909f56bfc062723c751e8b465ee728b)
Start importing Assets/Prefab/Audio Source.prefab using Guid(e9024e6ac743a9942b65029232040109) Importer(815301076,1909f56bfc062723c751e8b465ee728b)  -> (artifact id: '080ed1ca0f432b13271030cc74c6c19c') in 0.017828 seconds
  Import took 0.020547 seconds .

========================================================================
Received Import Request.
  Time since last request: 14.546439 seconds.
  path: Assets/Prefab/Goal.prefab
  artifactKey: Guid(63b37bc9028da164bb3f5757ab390ca6) Importer(815301076,1909f56bfc062723c751e8b465ee728b)
Start importing Assets/Prefab/Goal.prefab using Guid(63b37bc9028da164bb3f5757ab390ca6) Importer(815301076,1909f56bfc062723c751e8b465ee728b)  -> (artifact id: '0554e916bae7ea181e4cc0861ef01e1d') in 0.029533 seconds
  Import took 0.033844 seconds .

========================================================================
Received Import Request.
  Time since last request: 26.343019 seconds.
  path: Assets/Prefab/Canvas.prefab
  artifactKey: Guid(6b707897e37646447afa44f78da19bf2) Importer(815301076,1909f56bfc062723c751e8b465ee728b)
Start importing Assets/Prefab/Canvas.prefab using Guid(6b707897e37646447afa44f78da19bf2) Importer(815301076,1909f56bfc062723c751e8b465ee728b)  -> (artifact id: '1a8ff4ab814bddf6d3071ca3390f6dee') in 0.084269 seconds
  Import took 0.087203 seconds .

========================================================================
Received Import Request.
  Time since last request: 0.001590 seconds.
  path: Assets/Prefab/Canvas.prefab
  artifactKey: Guid(6b707897e37646447afa44f78da19bf2) Importer(815301076,1909f56bfc062723c751e8b465ee728b)
Start importing Assets/Prefab/Canvas.prefab using Guid(6b707897e37646447afa44f78da19bf2) Importer(815301076,1909f56bfc062723c751e8b465ee728b)  -> (artifact id: '1a8ff4ab814bddf6d3071ca3390f6dee') in 0.039702 seconds
  Import took 0.044911 seconds .

========================================================================
Received Import Request.
  Time since last request: 9.971910 seconds.
  path: Assets/Prefab/HUD.prefab
  artifactKey: Guid(6b707897e37646447afa44f78da19bf2) Importer(815301076,1909f56bfc062723c751e8b465ee728b)
Start importing Assets/Prefab/HUD.prefab using Guid(6b707897e37646447afa44f78da19bf2) Importer(815301076,1909f56bfc062723c751e8b465ee728b)  -> (artifact id: '7d7c0fea1fc67765f89ab707712d8329') in 0.041248 seconds
  Import took 0.043883 seconds .

========================================================================
Received Import Request.
  Time since last request: 87.292071 seconds.
  path: Assets/Models/tubebackr-space-race.mp3
  artifactKey: Guid(023620d585d973d4c874272da9a315db) Importer(815301076,1909f56bfc062723c751e8b465ee728b)
Start importing Assets/Models/tubebackr-space-race.mp3 using Guid(023620d585d973d4c874272da9a315db) Importer(815301076,1909f56bfc062723c751e8b465ee728b)  -> (artifact id: 'f90fc9cff90a8663c64bf2088d1340e4') in 0.015174 seconds
  Import took 0.019602 seconds .

========================================================================
Received Prepare
Registering precompiled user dll's ...
Registered in 0.000893 seconds.
Begin MonoManager ReloadAssembly
Native extension for WindowsStandalone target not found
Refreshing native plugins compatible for Editor in 0.22 ms, found 0 plugins.
Preloading 0 native plugins for Editor in 0.00 ms.
Mono: successfully reloaded assembly
- Completed reload, in  0.748 seconds
Platform modules already initialized, skipping
Refreshing native plugins compatible for Editor in 0.20 ms, found 0 plugins.
Preloading 0 native plugins for Editor in 0.00 ms.
Unloading 1120 Unused Serialized files (Serialized files now loaded: 0)
System memory in use before: 153.0 MB.
System memory in use after: 153.1 MB.

Unloading 5 unused Assets to reduce memory usage. Loaded Objects now: 1682.
Total: 2.250400 ms (FindLiveObjects: 0.230500 ms CreateObjectMapping: 0.070000 ms MarkObjects: 1.885700 ms  DeleteObjects: 0.063200 ms)

========================================================================
Received Import Request.
  Time since last request: 53.280448 seconds.
  path: Assets/Prefab/Player.prefab
  artifactKey: Guid(4b0c995510e35794086c39f91c0a007d) Importer(815301076,1909f56bfc062723c751e8b465ee728b)
Start importing Assets/Prefab/Player.prefab using Guid(4b0c995510e35794086c39f91c0a007d) Importer(815301076,1909f56bfc062723c751e8b465ee728b)  -> (artifact id: '6107428490092d5445ec7ff961b53782') in 0.078486 seconds
  Import took 0.082318 seconds .

========================================================================
Received Import Request.
  Time since last request: 9.199252 seconds.
  path: Assets/Prefab/Money.prefab
  artifactKey: Guid(002868e87bc3401488ba140424d63359) Importer(815301076,1909f56bfc062723c751e8b465ee728b)
Start importing Assets/Prefab/Money.prefab using Guid(002868e87bc3401488ba140424d63359) Importer(815301076,1909f56bfc062723c751e8b465ee728b)  -> (artifact id: '3e2ade0c4bbbb111672295348f02c46d') in 0.016321 seconds
  Import took 0.020136 seconds .

========================================================================
Received Prepare
Registering precompiled user dll's ...
Registered in 0.000997 seconds.
Begin MonoManager ReloadAssembly
Native extension for WindowsStandalone target not found
Refreshing native plugins compatible for Editor in 0.23 ms, found 0 plugins.
Preloading 0 native plugins for Editor in 0.00 ms.
Mono: successfully reloaded assembly
- Completed reload, in  0.830 seconds
Platform modules already initialized, skipping
Refreshing native plugins compatible for Editor in 0.23 ms, found 0 plugins.
Preloading 0 native plugins for Editor in 0.00 ms.
Unloading 1120 Unused Serialized files (Serialized files now loaded: 0)
System memory in use before: 153.1 MB.
System memory in use after: 153.2 MB.

Unloading 7 unused Assets to reduce memory usage. Loaded Objects now: 1686.
Total: 2.129100 ms (FindLiveObjects: 0.198000 ms CreateObjectMapping: 0.037000 ms MarkObjects: 1.788100 ms  DeleteObjects: 0.104700 ms)

========================================================================
Received Import Request.
  Time since last request: 54.704071 seconds.
  path: Assets/Scripts/BarrelDestroy.cs
  artifactKey: Guid(b5ccbcee3a8ac6b49b7d99ff32d64f59) Importer(815301076,1909f56bfc062723c751e8b465ee728b)
Start importing Assets/Scripts/BarrelDestroy.cs using Guid(b5ccbcee3a8ac6b49b7d99ff32d64f59) Importer(815301076,1909f56bfc062723c751e8b465ee728b)  -> (artifact id: '006267f33714de95e77fdf3802847ad7') in 0.009722 seconds
  Import took 0.012041 seconds .

========================================================================
Received Prepare
Registering precompiled user dll's ...
Registered in 0.000848 seconds.
Begin MonoManager ReloadAssembly
Native extension for WindowsStandalone target not found
Refreshing native plugins compatible for Editor in 0.23 ms, found 0 plugins.
Preloading 0 native plugins for Editor in 0.00 ms.
Mono: successfully reloaded assembly
- Completed reload, in  0.792 seconds
Platform modules already initialized, skipping
Refreshing native plugins compatible for Editor in 0.27 ms, found 0 plugins.
Preloading 0 native plugins for Editor in 0.00 ms.
Unloading 1120 Unused Serialized files (Serialized files now loaded: 0)
System memory in use before: 153.1 MB.
System memory in use after: 153.2 MB.

Unloading 5 unused Assets to reduce memory usage. Loaded Objects now: 1689.
Total: 1.878300 ms (FindLiveObjects: 0.146000 ms CreateObjectMapping: 0.039700 ms MarkObjects: 1.633700 ms  DeleteObjects: 0.058100 ms)

========================================================================
Received Import Request.
  Time since last request: 44.324795 seconds.
  path: Assets/Scripts/FirstPersonMovement.cs
  artifactKey: Guid(035ad3b8cb98cc64f8a61ed84ce78f6a) Importer(815301076,1909f56bfc062723c751e8b465ee728b)
Start importing Assets/Scripts/FirstPersonMovement.cs using Guid(035ad3b8cb98cc64f8a61ed84ce78f6a) Importer(815301076,1909f56bfc062723c751e8b465ee728b)  -> (artifact id: '3c30eb6c690dec5a26c2bba423ca7221') in 0.012533 seconds
  Import took 0.016551 seconds .

========================================================================
Received Import Request.
  Time since last request: 4.610174 seconds.
  path: Assets/Scripts/GunScript.cs
  artifactKey: Guid(3ea42f3d868dbb246b03e723468339b4) Importer(815301076,1909f56bfc062723c751e8b465ee728b)
Start importing Assets/Scripts/GunScript.cs using Guid(3ea42f3d868dbb246b03e723468339b4) Importer(815301076,1909f56bfc062723c751e8b465ee728b)  -> (artifact id: '873f5ebcb5a093eb5135b521877fb743') in 0.003771 seconds
  Import took 0.006884 seconds .

========================================================================
Received Prepare
Registering precompiled user dll's ...
Registered in 0.001173 seconds.
Begin MonoManager ReloadAssembly
Native extension for WindowsStandalone target not found
Refreshing native plugins compatible for Editor in 0.23 ms, found 0 plugins.
Preloading 0 native plugins for Editor in 0.00 ms.
Mono: successfully reloaded assembly
- Completed reload, in  0.772 seconds
Platform modules already initialized, skipping
Refreshing native plugins compatible for Editor in 0.24 ms, found 0 plugins.
Preloading 0 native plugins for Editor in 0.00 ms.
Unloading 1120 Unused Serialized files (Serialized files now loaded: 0)
System memory in use before: 153.1 MB.
System memory in use after: 153.2 MB.

Unloading 5 unused Assets to reduce memory usage. Loaded Objects now: 1692.
Total: 1.560400 ms (FindLiveObjects: 0.130100 ms CreateObjectMapping: 0.037100 ms MarkObjects: 1.342500 ms  DeleteObjects: 0.049400 ms)

========================================================================
Received Import Request.
  Time since last request: 40.758639 seconds.
  path: Assets/Scripts/GunScript.cs
  artifactKey: Guid(3ea42f3d868dbb246b03e723468339b4) Importer(815301076,1909f56bfc062723c751e8b465ee728b)
Start importing Assets/Scripts/GunScript.cs using Guid(3ea42f3d868dbb246b03e723468339b4) Importer(815301076,1909f56bfc062723c751e8b465ee728b)  -> (artifact id: '3f011873f6cb9b07f15b88bb2e64d5e2') in 0.004424 seconds
  Import took 0.006607 seconds .

========================================================================
Received Prepare
Registering precompiled user dll's ...
Registered in 0.001335 seconds.
Begin MonoManager ReloadAssembly
Native extension for WindowsStandalone target not found
Refreshing native plugins compatible for Editor in 0.20 ms, found 0 plugins.
Preloading 0 native plugins for Editor in 0.00 ms.
Mono: successfully reloaded assembly
- Completed reload, in  0.772 seconds
Platform modules already initialized, skipping
Refreshing native plugins compatible for Editor in 0.24 ms, found 0 plugins.
Preloading 0 native plugins for Editor in 0.00 ms.
Unloading 1120 Unused Serialized files (Serialized files now loaded: 0)
System memory in use before: 153.1 MB.
System memory in use after: 153.2 MB.

Unloading 5 unused Assets to reduce memory usage. Loaded Objects now: 1695.
Total: 1.760100 ms (FindLiveObjects: 0.144100 ms CreateObjectMapping: 0.032500 ms MarkObjects: 1.521900 ms  DeleteObjects: 0.060500 ms)

========================================================================
Received Import Request.
  Time since last request: 51.800358 seconds.
  path: Assets/Scripts/EnemyScript.cs
  artifactKey: Guid(dafcf133183a9464297b9d95c73cec70) Importer(815301076,1909f56bfc062723c751e8b465ee728b)
Start importing Assets/Scripts/EnemyScript.cs using Guid(dafcf133183a9464297b9d95c73cec70) Importer(815301076,1909f56bfc062723c751e8b465ee728b)  -> (artifact id: '6b729b6c78a2857ff7c16f2fda4a4e1d') in 0.009708 seconds
  Import took 0.011857 seconds .

========================================================================
Received Prepare
Registering precompiled user dll's ...
Registered in 0.000856 seconds.
Begin MonoManager ReloadAssembly
Native extension for WindowsStandalone target not found
Refreshing native plugins compatible for Editor in 0.23 ms, found 0 plugins.
Preloading 0 native plugins for Editor in 0.00 ms.
Mono: successfully reloaded assembly
- Completed reload, in  0.823 seconds
Platform modules already initialized, skipping
Refreshing native plugins compatible for Editor in 0.24 ms, found 0 plugins.
Preloading 0 native plugins for Editor in 0.00 ms.
Unloading 1120 Unused Serialized files (Serialized files now loaded: 0)
System memory in use before: 153.2 MB.
System memory in use after: 153.2 MB.

Unloading 5 unused Assets to reduce memory usage. Loaded Objects now: 1698.
Total: 2.385800 ms (FindLiveObjects: 0.309300 ms CreateObjectMapping: 0.048200 ms MarkObjects: 1.969200 ms  DeleteObjects: 0.058200 ms)

========================================================================
Received Prepare
Registering precompiled user dll's ...
Registered in 0.001240 seconds.
Begin MonoManager ReloadAssembly
Native extension for WindowsStandalone target not found
Refreshing native plugins compatible for Editor in 0.23 ms, found 0 plugins.
Preloading 0 native plugins for Editor in 0.00 ms.
Mono: successfully reloaded assembly
- Completed reload, in  0.778 seconds
Platform modules already initialized, skipping
Refreshing native plugins compatible for Editor in 0.63 ms, found 0 plugins.
Preloading 0 native plugins for Editor in 0.00 ms.
Unloading 1120 Unused Serialized files (Serialized files now loaded: 0)
System memory in use before: 153.2 MB.
System memory in use after: 153.2 MB.

Unloading 5 unused Assets to reduce memory usage. Loaded Objects now: 1701.
Total: 4.769100 ms (FindLiveObjects: 0.934000 ms CreateObjectMapping: 0.298200 ms MarkObjects: 3.432000 ms  DeleteObjects: 0.102600 ms)

========================================================================
Received Import Request.
  Time since last request: 156.777425 seconds.
  path: Assets/Scenes
  artifactKey: Guid(d945f015288a7b042b485c78d21c77e5) Importer(815301076,1909f56bfc062723c751e8b465ee728b)
Start importing Assets/Scenes using Guid(d945f015288a7b042b485c78d21c77e5) Importer(815301076,1909f56bfc062723c751e8b465ee728b)  -> (artifact id: '2b5f7eb61ae15eaebe7ef623f1ef43f0') in 0.008181 seconds
  Import took 0.011227 seconds .

========================================================================
Received Import Request.
  Time since last request: 28.068462 seconds.
  path: Assets/Scenes/Level2.unity
  artifactKey: Guid(0139f83374189c74b85f413290b19375) Importer(815301076,1909f56bfc062723c751e8b465ee728b)
Start importing Assets/Scenes/Level2.unity using Guid(0139f83374189c74b85f413290b19375) Importer(815301076,1909f56bfc062723c751e8b465ee728b)  -> (artifact id: '28d6ac80f5491661e2b9b68c09a42333') in 0.014651 seconds
  Import took 0.018380 seconds .

========================================================================
Received Import Request.
  Time since last request: 0.004937 seconds.
  path: Assets/Scenes/Level2.unity
  artifactKey: Guid(0139f83374189c74b85f413290b19375) Importer(815301076,1909f56bfc062723c751e8b465ee728b)
Start importing Assets/Scenes/Level2.unity using Guid(0139f83374189c74b85f413290b19375) Importer(815301076,1909f56bfc062723c751e8b465ee728b)  -> (artifact id: '28d6ac80f5491661e2b9b68c09a42333') in 0.004218 seconds
  Import took 0.008365 seconds .

========================================================================
Received Import Request.
  Time since last request: 4.312818 seconds.
  path: Assets/Materials/New Material 16.mat
  artifactKey: Guid(b5b0aa97c92d5bb439f04a859c09316f) Importer(815301076,1909f56bfc062723c751e8b465ee728b)
Start importing Assets/Materials/New Material 16.mat using Guid(b5b0aa97c92d5bb439f04a859c09316f) Importer(815301076,1909f56bfc062723c751e8b465ee728b)  -> (artifact id: 'db463a240acc1deb5dbd1a86335383b9') in 0.051078 seconds
  Import took 0.053512 seconds .

========================================================================
Received Import Request.
  Time since last request: 0.000312 seconds.
  path: Assets/Materials/New Material 17.mat
  artifactKey: Guid(d14dec0981f7af94e967f3b374ae1aa9) Importer(815301076,1909f56bfc062723c751e8b465ee728b)
Start importing Assets/Materials/New Material 17.mat using Guid(d14dec0981f7af94e967f3b374ae1aa9) Importer(815301076,1909f56bfc062723c751e8b465ee728b)  -> (artifact id: 'f0a31d7c5c955da52f669fb43ca8995f') in 0.012698 seconds
  Import took 0.015975 seconds .

========================================================================
Received Import Request.
  Time since last request: 7.516850 seconds.
  path: Assets/Final_Assignment/NavMesh.asset
  artifactKey: Guid(5777895cb16c42c4181b73660a81eba1) Importer(815301076,1909f56bfc062723c751e8b465ee728b)
Start importing Assets/Final_Assignment/NavMesh.asset using Guid(5777895cb16c42c4181b73660a81eba1) Importer(815301076,1909f56bfc062723c751e8b465ee728b)  -> (artifact id: '33bd448111bc41938f4b598115d35353') in 0.007356 seconds
  Import took 0.009602 seconds .

========================================================================
Received Import Request.
  Time since last request: 775.842053 seconds.
  path: Assets/Fantasy Skybox FREE/Materials/FS002/FS002_Day.png
  artifactKey: Guid(90bac99dc822bf641b140cdc291b845e) Importer(815301076,1909f56bfc062723c751e8b465ee728b)
Start importing Assets/Fantasy Skybox FREE/Materials/FS002/FS002_Day.png using Guid(90bac99dc822bf641b140cdc291b845e) Importer(815301076,1909f56bfc062723c751e8b465ee728b)  -> (artifact id: '157eb86bef3aa5eed510decc5860dce1') in 0.033161 seconds
  Import took 0.037042 seconds .

========================================================================
Received Import Request.
  Time since last request: 0.000295 seconds.
  path: Assets/Fantasy Skybox FREE/Materials/FS002/FS002_Day_Sunless.png
  artifactKey: Guid(e2c576b6d07638b468b5ba303a3a07cb) Importer(815301076,1909f56bfc062723c751e8b465ee728b)
Start importing Assets/Fantasy Skybox FREE/Materials/FS002/FS002_Day_Sunless.png using Guid(e2c576b6d07638b468b5ba303a3a07cb) Importer(815301076,1909f56bfc062723c751e8b465ee728b)  -> (artifact id: '70ae1ce8e453dbf427025350063c4eaf') in 0.027469 seconds
  Import took 0.030455 seconds .

========================================================================
Received Import Request.
  Time since last request: 0.000495 seconds.
  path: Assets/Fantasy Skybox FREE/Materials/FS002/FS002_Sunset.png
  artifactKey: Guid(88c4ef1770f6491408e50fd96829b1b6) Importer(815301076,1909f56bfc062723c751e8b465ee728b)
Start importing Assets/Fantasy Skybox FREE/Materials/FS002/FS002_Sunset.png using Guid(88c4ef1770f6491408e50fd96829b1b6) Importer(815301076,1909f56bfc062723c751e8b465ee728b)  -> (artifact id: '89328d9c61e94041b556ffc95d6d3e25') in 0.029593 seconds
  Import took 0.034061 seconds .

========================================================================
Received Import Request.
  Time since last request: 0.000533 seconds.
  path: Assets/Fantasy Skybox FREE/Materials/FS002/FS002_Night_Moonless.png
  artifactKey: Guid(13ec4f589b2340646969832fc2e68ec6) Importer(815301076,1909f56bfc062723c751e8b465ee728b)
Start importing Assets/Fantasy Skybox FREE/Materials/FS002/FS002_Night_Moonless.png using Guid(13ec4f589b2340646969832fc2e68ec6) Importer(815301076,1909f56bfc062723c751e8b465ee728b)  -> (artifact id: '2ee7d141d769ad500f47b9d4a93130f6') in 0.032302 seconds
  Import took 0.035969 seconds .

========================================================================
Received Import Request.
  Time since last request: 0.000451 seconds.
  path: Assets/Fantasy Skybox FREE/Materials/FS002/FS002_Snowy.png
  artifactKey: Guid(0ffe8585761fae642bd4d7d85819a5f5) Importer(815301076,1909f56bfc062723c751e8b465ee728b)
Start importing Assets/Fantasy Skybox FREE/Materials/FS002/FS002_Snowy.png using Guid(0ffe8585761fae642bd4d7d85819a5f5) Importer(815301076,1909f56bfc062723c751e8b465ee728b)  -> (artifact id: 'e58be541f8b20e594e6b7cde1ef1e396') in 0.034309 seconds
  Import took 0.036838 seconds .

========================================================================
Received Import Request.
  Time since last request: 0.000289 seconds.
  path: Assets/Fantasy Skybox FREE/Materials/FS002/FS002_Sunrise.png
  artifactKey: Guid(7deb3454b299fae498f2365d40aee326) Importer(815301076,1909f56bfc062723c751e8b465ee728b)
Start importing Assets/Fantasy Skybox FREE/Materials/FS002/FS002_Sunrise.png using Guid(7deb3454b299fae498f2365d40aee326) Importer(815301076,1909f56bfc062723c751e8b465ee728b)  -> (artifact id: '1ea1f2ff219037fcf3864ec857f7fe88') in 0.028894 seconds
  Import took 0.031717 seconds .

========================================================================
Received Import Request.
  Time since last request: 0.000349 seconds.
  path: Assets/Fantasy Skybox FREE/Materials/FS002/FS002_Night.png
  artifactKey: Guid(3cf4d52b14bd4254d9f4fd063f8d9bfd) Importer(815301076,1909f56bfc062723c751e8b465ee728b)
Start importing Assets/Fantasy Skybox FREE/Materials/FS002/FS002_Night.png using Guid(3cf4d52b14bd4254d9f4fd063f8d9bfd) Importer(815301076,1909f56bfc062723c751e8b465ee728b)  -> (artifact id: '1f7a35e0ef797f9788edde5c5d727c1d') in 0.031789 seconds
  Import took 0.034877 seconds .

========================================================================
Received Import Request.
  Time since last request: 0.000304 seconds.
  path: Assets/Fantasy Skybox FREE/Materials/FS002/FS002_Rainy.png
  artifactKey: Guid(9183c8173b34a5741a60673a672347cb) Importer(815301076,1909f56bfc062723c751e8b465ee728b)
Start importing Assets/Fantasy Skybox FREE/Materials/FS002/FS002_Rainy.png using Guid(9183c8173b34a5741a60673a672347cb) Importer(815301076,1909f56bfc062723c751e8b465ee728b)  -> (artifact id: '2e29fd4ba88a4d980a9db5bee847eff0') in 0.030880 seconds
  Import took 0.032971 seconds .

========================================================================
Received Import Request.
  Time since last request: 4.797282 seconds.
  path: Assets/Fantasy Skybox FREE/Materials/Classic/FS000_Night_02.png
  artifactKey: Guid(e60c8653c33d3da4d8f660c15214d3ac) Importer(815301076,1909f56bfc062723c751e8b465ee728b)
Start importing Assets/Fantasy Skybox FREE/Materials/Classic/FS000_Night_02.png using Guid(e60c8653c33d3da4d8f660c15214d3ac) Importer(815301076,1909f56bfc062723c751e8b465ee728b)  -> (artifact id: '916035609d1f53cf5cc44f4ee072d803') in 0.075920 seconds
  Import took 0.078758 seconds .

========================================================================
Received Import Request.
  Time since last request: 0.000189 seconds.
  path: Assets/Fantasy Skybox FREE/Materials/Classic/FS000_Night_02_Moonless.png
  artifactKey: Guid(6b1d9786203d21246bc448213b0f9aed) Importer(815301076,1909f56bfc062723c751e8b465ee728b)
Start importing Assets/Fantasy Skybox FREE/Materials/Classic/FS000_Night_02_Moonless.png using Guid(6b1d9786203d21246bc448213b0f9aed) Importer(815301076,1909f56bfc062723c751e8b465ee728b)  -> (artifact id: '1b2474cf1d3210481f2e04d023bc58e0') in 0.052413 seconds
  Import took 0.054466 seconds .

========================================================================
Received Prepare
Registering precompiled user dll's ...
Registered in 0.000859 seconds.
Begin MonoManager ReloadAssembly
Native extension for WindowsStandalone target not found
Refreshing native plugins compatible for Editor in 0.32 ms, found 0 plugins.
Preloading 0 native plugins for Editor in 0.00 ms.
Mono: successfully reloaded assembly
- Completed reload, in  0.781 seconds
Platform modules already initialized, skipping
Refreshing native plugins compatible for Editor in 0.22 ms, found 0 plugins.
Preloading 0 native plugins for Editor in 0.00 ms.
Unloading 1120 Unused Serialized files (Serialized files now loaded: 0)
System memory in use before: 153.2 MB.
System memory in use after: 153.3 MB.

Unloading 5 unused Assets to reduce memory usage. Loaded Objects now: 1707.
Total: 2.490500 ms (FindLiveObjects: 0.349400 ms CreateObjectMapping: 0.070500 ms MarkObjects: 1.992500 ms  DeleteObjects: 0.077000 ms)

========================================================================
Received Prepare
Registering precompiled user dll's ...
Registered in 0.000882 seconds.
Begin MonoManager ReloadAssembly
Native extension for WindowsStandalone target not found
Refreshing native plugins compatible for Editor in 0.29 ms, found 0 plugins.
Preloading 0 native plugins for Editor in 0.00 ms.
Mono: successfully reloaded assembly
- Completed reload, in  0.781 seconds
Platform modules already initialized, skipping
Refreshing native plugins compatible for Editor in 0.24 ms, found 0 plugins.
Preloading 0 native plugins for Editor in 0.00 ms.
Unloading 1120 Unused Serialized files (Serialized files now loaded: 0)
System memory in use before: 153.2 MB.
System memory in use after: 153.3 MB.

Unloading 5 unused Assets to reduce memory usage. Loaded Objects now: 1710.
Total: 1.956500 ms (FindLiveObjects: 0.179700 ms CreateObjectMapping: 0.042700 ms MarkObjects: 1.672200 ms  DeleteObjects: 0.060700 ms)

========================================================================
Received Prepare
Registering precompiled user dll's ...
Registered in 0.000862 seconds.
Begin MonoManager ReloadAssembly
Native extension for WindowsStandalone target not found
Refreshing native plugins compatible for Editor in 0.26 ms, found 0 plugins.
Preloading 0 native plugins for Editor in 0.00 ms.
Mono: successfully reloaded assembly
- Completed reload, in  0.801 seconds
Platform modules already initialized, skipping
Refreshing native plugins compatible for Editor in 0.24 ms, found 0 plugins.
Preloading 0 native plugins for Editor in 0.00 ms.
Unloading 1120 Unused Serialized files (Serialized files now loaded: 0)
System memory in use before: 153.2 MB.
System memory in use after: 153.3 MB.

Unloading 5 unused Assets to reduce memory usage. Loaded Objects now: 1713.
Total: 1.884800 ms (FindLiveObjects: 0.167300 ms CreateObjectMapping: 0.033300 ms MarkObjects: 1.625300 ms  DeleteObjects: 0.057900 ms)

========================================================================
Received Import Request.
  Time since last request: 857.210895 seconds.
  path: Assets/Scenes/SampleScene.unity
  artifactKey: Guid(9fc0d4010bbf28b4594072e72b8655ab) Importer(815301076,1909f56bfc062723c751e8b465ee728b)
Start importing Assets/Scenes/SampleScene.unity using Guid(9fc0d4010bbf28b4594072e72b8655ab) Importer(815301076,1909f56bfc062723c751e8b465ee728b)  -> (artifact id: 'd29ae5f12a4f6e0541934633774f3510') in 0.019551 seconds
  Import took 0.021784 seconds .

========================================================================
Received Prepare
Registering precompiled user dll's ...
Registered in 0.001272 seconds.
Begin MonoManager ReloadAssembly
Native extension for WindowsStandalone target not found
Refreshing native plugins compatible for Editor in 0.23 ms, found 0 plugins.
Preloading 0 native plugins for Editor in 0.00 ms.
Mono: successfully reloaded assembly
- Completed reload, in  0.920 seconds
Platform modules already initialized, skipping
Refreshing native plugins compatible for Editor in 0.25 ms, found 0 plugins.
Preloading 0 native plugins for Editor in 0.00 ms.
Unloading 1120 Unused Serialized files (Serialized files now loaded: 0)
System memory in use before: 153.2 MB.
System memory in use after: 153.3 MB.

Unloading 5 unused Assets to reduce memory usage. Loaded Objects now: 1716.
Total: 2.711800 ms (FindLiveObjects: 0.264000 ms CreateObjectMapping: 0.096300 ms MarkObjects: 2.247300 ms  DeleteObjects: 0.086800 ms)

========================================================================
Received Import Request.
  Time since last request: 17545.500620 seconds.
  path: Assets/Prefab/LevelGeometry.prefab
  artifactKey: Guid(ac384019eb0969245814126e1117da6e) Importer(815301076,1909f56bfc062723c751e8b465ee728b)
Start importing Assets/Prefab/LevelGeometry.prefab using Guid(ac384019eb0969245814126e1117da6e) Importer(815301076,1909f56bfc062723c751e8b465ee728b)  -> (artifact id: '26b770dd3ac50ef70921e4fb5429497f') in 0.119733 seconds
  Import took 0.125801 seconds .

========================================================================
Received Import Request.
  Time since last request: 64.341559 seconds.
  path: Assets/Scenes/SampleScene
  artifactKey: Guid(9a77fe8dfc7b9e343a373578fce08079) Importer(815301076,1909f56bfc062723c751e8b465ee728b)
Start importing Assets/Scenes/SampleScene using Guid(9a77fe8dfc7b9e343a373578fce08079) Importer(815301076,1909f56bfc062723c751e8b465ee728b)  -> (artifact id: '524e93b77e34ec5bbcb03522fc7ef594') in 0.004268 seconds
  Import took 0.007077 seconds .

========================================================================
Received Import Request.
  Time since last request: 0.004728 seconds.
  path: Assets/Scenes/SampleScene
  artifactKey: Guid(9a77fe8dfc7b9e343a373578fce08079) Importer(815301076,1909f56bfc062723c751e8b465ee728b)
Start importing Assets/Scenes/SampleScene using Guid(9a77fe8dfc7b9e343a373578fce08079) Importer(815301076,1909f56bfc062723c751e8b465ee728b)  -> (artifact id: '524e93b77e34ec5bbcb03522fc7ef594') in 0.003746 seconds
  Import took 0.009491 seconds .

========================================================================
Received Import Request.
  Time since last request: 3.922258 seconds.
  path: Assets/Scenes/SampleScene.unity
  artifactKey: Guid(9fc0d4010bbf28b4594072e72b8655ab) Importer(815301076,1909f56bfc062723c751e8b465ee728b)
Start importing Assets/Scenes/SampleScene.unity using Guid(9fc0d4010bbf28b4594072e72b8655ab) Importer(815301076,1909f56bfc062723c751e8b465ee728b)  -> (artifact id: '724fcf1fac7149d1988a1eada3c1bfe9') in 0.006915 seconds
  Import took 0.009695 seconds .

========================================================================
Received Import Request.
  Time since last request: 39.386370 seconds.
  path: Assets/Fantasy Skybox FREE/Materials/Classic/FS000_Night_03.png
  artifactKey: Guid(df8d1504e61fa6046bbb3b99bf96da1a) Importer(815301076,1909f56bfc062723c751e8b465ee728b)
Start importing Assets/Fantasy Skybox FREE/Materials/Classic/FS000_Night_03.png using Guid(df8d1504e61fa6046bbb3b99bf96da1a) Importer(815301076,1909f56bfc062723c751e8b465ee728b)  -> (artifact id: '3e4f5c7141bae18f34a45783d5a300dd') in 0.070005 seconds
  Import took 0.074167 seconds .

========================================================================
Received Import Request.
  Time since last request: 0.000564 seconds.
  path: Assets/Fantasy Skybox FREE/Materials/Classic/FS000_Night_03_Moonless.png
  artifactKey: Guid(72dbfaf2e11e92744a2ff15822b9079f) Importer(815301076,1909f56bfc062723c751e8b465ee728b)
Start importing Assets/Fantasy Skybox FREE/Materials/Classic/FS000_Night_03_Moonless.png using Guid(72dbfaf2e11e92744a2ff15822b9079f) Importer(815301076,1909f56bfc062723c751e8b465ee728b)  -> (artifact id: '15bc406dd8b059e504528e33ad89a75e') in 0.059714 seconds
  Import took 0.062702 seconds .

========================================================================
Received Import Request.
  Time since last request: 0.001253 seconds.
  path: Assets/Fantasy Skybox FREE/Materials/Classic/FS000_Night_03_Moonless.png
  artifactKey: Guid(72dbfaf2e11e92744a2ff15822b9079f) Importer(815301076,1909f56bfc062723c751e8b465ee728b)
Start importing Assets/Fantasy Skybox FREE/Materials/Classic/FS000_Night_03_Moonless.png using Guid(72dbfaf2e11e92744a2ff15822b9079f) Importer(815301076,1909f56bfc062723c751e8b465ee728b)  -> (artifact id: '15bc406dd8b059e504528e33ad89a75e') in 0.049126 seconds
  Import took 0.053075 seconds .

========================================================================
Received Import Request.
  Time since last request: 760.141052 seconds.
  path: Assets/Scripts/GunScript.cs
  artifactKey: Guid(3ea42f3d868dbb246b03e723468339b4) Importer(815301076,1909f56bfc062723c751e8b465ee728b)
Start importing Assets/Scripts/GunScript.cs using Guid(3ea42f3d868dbb246b03e723468339b4) Importer(815301076,1909f56bfc062723c751e8b465ee728b)  -> (artifact id: 'e692b760f8cd4949c6804f46d8a75c04') in 0.005461 seconds
  Import took 0.009101 seconds .

========================================================================
Received Import Request.
  Time since last request: 3.181154 seconds.
  path: Assets/Scripts/MoneyManagement.cs
  artifactKey: Guid(b1ef755c586405042b421577029bb717) Importer(815301076,1909f56bfc062723c751e8b465ee728b)
Start importing Assets/Scripts/MoneyManagement.cs using Guid(b1ef755c586405042b421577029bb717) Importer(815301076,1909f56bfc062723c751e8b465ee728b)  -> (artifact id: '639fbb0341ed81ae8d7b67f48c1a843f') in 0.003435 seconds
  Import took 0.006530 seconds .

========================================================================
Received Prepare
Registering precompiled user dll's ...
Registered in 0.001770 seconds.
Begin MonoManager ReloadAssembly
Native extension for WindowsStandalone target not found
Refreshing native plugins compatible for Editor in 0.26 ms, found 0 plugins.
Preloading 0 native plugins for Editor in 0.00 ms.
Mono: successfully reloaded assembly
- Completed reload, in  1.038 seconds
Platform modules already initialized, skipping
Refreshing native plugins compatible for Editor in 0.31 ms, found 0 plugins.
Preloading 0 native plugins for Editor in 0.00 ms.
Unloading 1120 Unused Serialized files (Serialized files now loaded: 0)
System memory in use before: 153.7 MB.
System memory in use after: 153.8 MB.

Unloading 5 unused Assets to reduce memory usage. Loaded Objects now: 1721.
Total: 2.800900 ms (FindLiveObjects: 0.348100 ms CreateObjectMapping: 0.111800 ms MarkObjects: 2.257000 ms  DeleteObjects: 0.082500 ms)

========================================================================
Received Import Request.
  Time since last request: 290.790862 seconds.
  path: Assets/Scenes/Lose.unity
  artifactKey: Guid(a2a76c160f66f934e9821a096861b42f) Importer(815301076,1909f56bfc062723c751e8b465ee728b)
Start importing Assets/Scenes/Lose.unity using Guid(a2a76c160f66f934e9821a096861b42f) Importer(815301076,1909f56bfc062723c751e8b465ee728b)  -> (artifact id: 'dce12ac5b45c7e467c165ed812e67d63') in 0.018491 seconds
  Import took 0.022398 seconds .

========================================================================
Received Import Request.
  Time since last request: 0.002185 seconds.
  path: Assets/Scenes/Lose.unity
  artifactKey: Guid(a2a76c160f66f934e9821a096861b42f) Importer(815301076,1909f56bfc062723c751e8b465ee728b)
Start importing Assets/Scenes/Lose.unity using Guid(a2a76c160f66f934e9821a096861b42f) Importer(815301076,1909f56bfc062723c751e8b465ee728b)  -> (artifact id: 'dce12ac5b45c7e467c165ed812e67d63') in 0.003982 seconds
  Import took 0.007330 seconds .

========================================================================
Received Import Request.
  Time since last request: 7.967842 seconds.
  path: Assets/Scenes/Win.unity
  artifactKey: Guid(2e1d4db4e56302c4c8722bbc5575d1f4) Importer(815301076,1909f56bfc062723c751e8b465ee728b)
Start importing Assets/Scenes/Win.unity using Guid(2e1d4db4e56302c4c8722bbc5575d1f4) Importer(815301076,1909f56bfc062723c751e8b465ee728b)  -> (artifact id: '3383a9d06bb8e45301c7700aefb35be2') in 0.004437 seconds
  Import took 0.007213 seconds .

========================================================================
Received Import Request.
  Time since last request: 11.232632 seconds.
  path: Assets/Scenes/Instructions.unity
  artifactKey: Guid(f970b05ec89437e4f9d1177b4a204432) Importer(815301076,1909f56bfc062723c751e8b465ee728b)
Start importing Assets/Scenes/Instructions.unity using Guid(f970b05ec89437e4f9d1177b4a204432) Importer(815301076,1909f56bfc062723c751e8b465ee728b)  -> (artifact id: 'fd96bbfa8d7d7e9249cc21e588a5029c') in 0.004603 seconds
  Import took 0.008299 seconds .

========================================================================
Received Import Request.
  Time since last request: 8.620135 seconds.
  path: Assets/Scenes/Menu.unity
  artifactKey: Guid(4f9a1cc5f3e93fa458254d0481580631) Importer(815301076,1909f56bfc062723c751e8b465ee728b)
Start importing Assets/Scenes/Menu.unity using Guid(4f9a1cc5f3e93fa458254d0481580631) Importer(815301076,1909f56bfc062723c751e8b465ee728b)  -> (artifact id: '121182c01d774de4c46654ef0c87fbe6') in 0.004929 seconds
  Import took 0.007975 seconds .

========================================================================
Received Import Request.
  Time since last request: 0.012448 seconds.
  path: Assets/Scenes/Menu.unity
  artifactKey: Guid(4f9a1cc5f3e93fa458254d0481580631) Importer(815301076,1909f56bfc062723c751e8b465ee728b)
Start importing Assets/Scenes/Menu.unity using Guid(4f9a1cc5f3e93fa458254d0481580631) Importer(815301076,1909f56bfc062723c751e8b465ee728b)  -> (artifact id: '121182c01d774de4c46654ef0c87fbe6') in 0.004088 seconds
  Import took 0.007522 seconds .

========================================================================
Received Import Request.
  Time since last request: 11.868035 seconds.
  path: Assets/Scenes/SampleScene.unity
  artifactKey: Guid(9fc0d4010bbf28b4594072e72b8655ab) Importer(815301076,1909f56bfc062723c751e8b465ee728b)
Start importing Assets/Scenes/SampleScene.unity using Guid(9fc0d4010bbf28b4594072e72b8655ab) Importer(815301076,1909f56bfc062723c751e8b465ee728b)  -> (artifact id: '046320399ee0d5ed8a32df4eb80393c2') in 0.003877 seconds
  Import took 0.007476 seconds .

========================================================================
Received Import Request.
  Time since last request: 0.008611 seconds.
  path: Assets/Scenes/SampleScene.unity
  artifactKey: Guid(9fc0d4010bbf28b4594072e72b8655ab) Importer(815301076,1909f56bfc062723c751e8b465ee728b)
Start importing Assets/Scenes/SampleScene.unity using Guid(9fc0d4010bbf28b4594072e72b8655ab) Importer(815301076,1909f56bfc062723c751e8b465ee728b)  -> (artifact id: '046320399ee0d5ed8a32df4eb80393c2') in 0.004461 seconds
  Import took 0.007878 seconds .

========================================================================
Received Import Request.
  Time since last request: 0.952132 seconds.
  path: Assets/Scenes/Level2.unity
  artifactKey: Guid(0139f83374189c74b85f413290b19375) Importer(815301076,1909f56bfc062723c751e8b465ee728b)
Start importing Assets/Scenes/Level2.unity using Guid(0139f83374189c74b85f413290b19375) Importer(815301076,1909f56bfc062723c751e8b465ee728b)  -> (artifact id: '18c76e29968ee403e9e5e5d5d32fcea4') in 0.003377 seconds
  Import took 0.005795 seconds .

========================================================================
Received Import Request.
  Time since last request: 49.987429 seconds.
  path: Assets/Scripts/MenuScript.cs
  artifactKey: Guid(3580ff6cabce2924bbf250e340ce65c4) Importer(815301076,1909f56bfc062723c751e8b465ee728b)
Start importing Assets/Scripts/MenuScript.cs using Guid(3580ff6cabce2924bbf250e340ce65c4) Importer(815301076,1909f56bfc062723c751e8b465ee728b)  -> (artifact id: '73c69bc4912c3e93b4837588ff87c045') in 0.003793 seconds
  Import took 0.006463 seconds .

========================================================================
Received Import Request.
  Time since last request: 0.000571 seconds.
  path: Assets/Scripts/MenuScript.cs
  artifactKey: Guid(3580ff6cabce2924bbf250e340ce65c4) Importer(815301076,1909f56bfc062723c751e8b465ee728b)
Start importing Assets/Scripts/MenuScript.cs using Guid(3580ff6cabce2924bbf250e340ce65c4) Importer(815301076,1909f56bfc062723c751e8b465ee728b)  -> (artifact id: '73c69bc4912c3e93b4837588ff87c045') in 0.004505 seconds
  Import took 0.007336 seconds .

========================================================================
Received Prepare
Registering precompiled user dll's ...
Registered in 0.000845 seconds.
Begin MonoManager ReloadAssembly
Native extension for WindowsStandalone target not found
Refreshing native plugins compatible for Editor in 0.30 ms, found 0 plugins.
Preloading 0 native plugins for Editor in 0.00 ms.
Mono: successfully reloaded assembly
- Completed reload, in  0.963 seconds
Platform modules already initialized, skipping
Refreshing native plugins compatible for Editor in 0.24 ms, found 0 plugins.
Preloading 0 native plugins for Editor in 0.00 ms.
Unloading 1121 Unused Serialized files (Serialized files now loaded: 0)
System memory in use before: 153.8 MB.
System memory in use after: 153.8 MB.

Unloading 5 unused Assets to reduce memory usage. Loaded Objects now: 1725.
Total: 3.215400 ms (FindLiveObjects: 0.220800 ms CreateObjectMapping: 0.069700 ms MarkObjects: 2.864500 ms  DeleteObjects: 0.059400 ms)

========================================================================
Received Prepare
Registering precompiled user dll's ...
Registered in 0.001503 seconds.
Begin MonoManager ReloadAssembly
Native extension for WindowsStandalone target not found
Refreshing native plugins compatible for Editor in 0.36 ms, found 0 plugins.
Preloading 0 native plugins for Editor in 0.00 ms.
Mono: successfully reloaded assembly
- Completed reload, in  0.782 seconds
Platform modules already initialized, skipping
Refreshing native plugins compatible for Editor in 0.32 ms, found 0 plugins.
Preloading 0 native plugins for Editor in 0.00 ms.
Unloading 1121 Unused Serialized files (Serialized files now loaded: 0)
System memory in use before: 153.7 MB.
System memory in use after: 153.7 MB.

Unloading 5 unused Assets to reduce memory usage. Loaded Objects now: 1728.
Total: 2.221100 ms (FindLiveObjects: 0.129100 ms CreateObjectMapping: 0.034600 ms MarkObjects: 2.004100 ms  DeleteObjects: 0.052400 ms)

========================================================================
Received Prepare
Registering precompiled user dll's ...
Registered in 0.000916 seconds.
Begin MonoManager ReloadAssembly
Native extension for WindowsStandalone target not found
Refreshing native plugins compatible for Editor in 0.23 ms, found 0 plugins.
Preloading 0 native plugins for Editor in 0.00 ms.
Mono: successfully reloaded assembly
- Completed reload, in  0.820 seconds
Platform modules already initialized, skipping
Refreshing native plugins compatible for Editor in 0.26 ms, found 0 plugins.
Preloading 0 native plugins for Editor in 0.00 ms.
Unloading 1121 Unused Serialized files (Serialized files now loaded: 0)
System memory in use before: 153.7 MB.
System memory in use after: 153.7 MB.

Unloading 5 unused Assets to reduce memory usage. Loaded Objects now: 1731.
Total: 2.835800 ms (FindLiveObjects: 0.334000 ms CreateObjectMapping: 0.072600 ms MarkObjects: 2.368700 ms  DeleteObjects: 0.059300 ms)

========================================================================
Received Import Request.
  Time since last request: 1423.189268 seconds.
  path: Assets/Sprites/Untitled.png
  artifactKey: Guid(46e5c781f986a76469c4c4456eb8af60) Importer(815301076,1909f56bfc062723c751e8b465ee728b)
Start importing Assets/Sprites/Untitled.png using Guid(46e5c781f986a76469c4c4456eb8af60) Importer(815301076,1909f56bfc062723c751e8b465ee728b)  -> (artifact id: '820f7edeb1c8569edbc1013c94a67996') in 0.043951 seconds
  Import took 0.048139 seconds .

========================================================================
Received Import Request.
  Time since last request: 4.711530 seconds.
  path: Assets/Sprites/Winner.png
  artifactKey: Guid(df3ec1e8775cda0488b66a08a90dcd35) Importer(815301076,1909f56bfc062723c751e8b465ee728b)
Start importing Assets/Sprites/Winner.png using Guid(df3ec1e8775cda0488b66a08a90dcd35) Importer(815301076,1909f56bfc062723c751e8b465ee728b)  -> (artifact id: '8beb251531aeb55803d5c07d7a2abf17') in 0.013905 seconds
  Import took 0.019334 seconds .

========================================================================
Received Import Request.
  Time since last request: 3.515650 seconds.
  path: Assets/Sprites/Winner 1.png
  artifactKey: Guid(a0545a80afebeff41a38eb04766a3293) Importer(815301076,1909f56bfc062723c751e8b465ee728b)
Start importing Assets/Sprites/Winner 1.png using Guid(a0545a80afebeff41a38eb04766a3293) Importer(815301076,1909f56bfc062723c751e8b465ee728b)  -> (artifact id: 'eb4b30a1344bbac348a02cb36ee45273') in 0.014497 seconds
  Import took 0.018189 seconds .

========================================================================
Received Import Request.
  Time since last request: 3.029340 seconds.
  path: Assets/Sprites/Loser.png
  artifactKey: Guid(4abd1303e80e56549a58a10fa01d2cef) Importer(815301076,1909f56bfc062723c751e8b465ee728b)
Start importing Assets/Sprites/Loser.png using Guid(4abd1303e80e56549a58a10fa01d2cef) Importer(815301076,1909f56bfc062723c751e8b465ee728b)  -> (artifact id: 'b27f53b053d542329474b6cc1c113b6a') in 0.012898 seconds
  Import took 0.015930 seconds .

========================================================================
Received Import Request.
  Time since last request: 14.601460 seconds.
  path: Assets/Sprites/Loser 1.png
  artifactKey: Guid(cdf473a69fd60864d8571b18a40f1cdc) Importer(815301076,1909f56bfc062723c751e8b465ee728b)
Start importing Assets/Sprites/Loser 1.png using Guid(cdf473a69fd60864d8571b18a40f1cdc) Importer(815301076,1909f56bfc062723c751e8b465ee728b)  -> (artifact id: '11b57706c20ffef4f400bd7fb15b7d91') in 0.015748 seconds
  Import took 0.018898 seconds .

========================================================================
Received Import Request.
  Time since last request: 0.006304 seconds.
  path: Assets/Sprites/Loser 1.png
  artifactKey: Guid(cdf473a69fd60864d8571b18a40f1cdc) Importer(815301076,1909f56bfc062723c751e8b465ee728b)
Start importing Assets/Sprites/Loser 1.png using Guid(cdf473a69fd60864d8571b18a40f1cdc) Importer(815301076,1909f56bfc062723c751e8b465ee728b)  -> (artifact id: '11b57706c20ffef4f400bd7fb15b7d91') in 0.010331 seconds
  Import took 0.013752 seconds .

========================================================================
Received Import Request.
  Time since last request: 5.319675 seconds.
  path: Assets/Sprites/Loser 2.png
  artifactKey: Guid(6edd349f4f134b447bd215b64453e1a6) Importer(815301076,1909f56bfc062723c751e8b465ee728b)
Start importing Assets/Sprites/Loser 2.png using Guid(6edd349f4f134b447bd215b64453e1a6) Importer(815301076,1909f56bfc062723c751e8b465ee728b)  -> (artifact id: 'bcbaa6eebb3af6b24aaa8f91473d0baf') in 0.014561 seconds
  Import took 0.017953 seconds .

========================================================================
Received Import Request.
  Time since last request: 217.131160 seconds.
  path: Assets/Scenes/Level2.unity
  artifactKey: Guid(0139f83374189c74b85f413290b19375) Importer(815301076,1909f56bfc062723c751e8b465ee728b)
Start importing Assets/Scenes/Level2.unity using Guid(0139f83374189c74b85f413290b19375) Importer(815301076,1909f56bfc062723c751e8b465ee728b)  -> (artifact id: 'e3f22589053200dc6e6192f4af9e39ab') in 0.006973 seconds
  Import took 0.010275 seconds .

========================================================================
Received Prepare
Registering precompiled user dll's ...
Registered in 0.000905 seconds.
Begin MonoManager ReloadAssembly
Native extension for WindowsStandalone target not found
Refreshing native plugins compatible for Editor in 0.23 ms, found 0 plugins.
Preloading 0 native plugins for Editor in 0.00 ms.
Mono: successfully reloaded assembly
- Completed reload, in  0.797 seconds
Platform modules already initialized, skipping
Refreshing native plugins compatible for Editor in 0.23 ms, found 0 plugins.
Preloading 0 native plugins for Editor in 0.00 ms.
Unloading 1121 Unused Serialized files (Serialized files now loaded: 0)
System memory in use before: 153.7 MB.
System memory in use after: 153.8 MB.

Unloading 5 unused Assets to reduce memory usage. Loaded Objects now: 1734.
Total: 2.529900 ms (FindLiveObjects: 0.262100 ms CreateObjectMapping: 0.065200 ms MarkObjects: 2.125400 ms  DeleteObjects: 0.076000 ms)

AssetImportWorkerClient::OnTransportError - code=2 error=End of file
